<?xml version="1.0" encoding="UTF-8"?>
<!-- Generated by org.testng.reporters.JUnitReportReporter -->
<testsuite skipped="0" hostname="radhika" name="com.qa.hs.keyword.tests.LoginTest" tests="1" failures="0" timestamp="27 Feb 2019 07:45:30 GMT" time="75.225" errors="0">
  <testcase name="loginTest" time="75.225" classname="com.qa.hs.keyword.tests.LoginTest"/>
</testsuite> <!-- com.qa.hs.keyword.tests.LoginTest -->
